#
# There is insufficient memory for the Java Runtime Environment to continue.
# Native memory allocation (malloc) failed to allocate 842256 bytes. Error detail: Chunk::new
# Possible reasons:
#   The system is out of physical RAM or swap space
#   This process is running with CompressedOops enabled, and the Java Heap may be blocking the growth of the native heap
# Possible solutions:
#   Reduce memory load on the system
#   Increase physical memory or swap space
#   Check if swap backing store is full
#   Decrease Java heap size (-Xmx/-Xms)
#   Decrease number of Java threads
#   Decrease Java thread stack sizes (-Xss)
#   Set larger code cache with -XX:ReservedCodeCacheSize=
#   JVM is running with Unscaled Compressed Oops mode in which the Java heap is
#     placed in the first 4GB address space. The Java Heap base address is the
#     maximum limit for the native heap growth. Please use -XX:HeapBaseMinAddress
#     to set the Java Heap base and to place the Java Heap above 4GB virtual address.
# This output file may be truncated or incomplete.
#
#  Out of Memory Error (arena.cpp:168), pid=3312, tid=11012
#
# JRE version: OpenJDK Runtime Environment Temurin-21.0.10+7 (21.0.10+7) (build 21.0.10+7-LTS)
# Java VM: OpenJDK 64-Bit Server VM Temurin-21.0.10+7 (21.0.10+7-LTS, mixed mode, sharing, tiered, compressed oops, compressed class ptrs, g1 gc, windows-amd64)
# No core dump will be written. Minidumps are not enabled by default on client versions of Windows
#

---------------  S U M M A R Y ------------

Command Line: --add-modules=ALL-SYSTEM --add-opens=java.base/java.util=ALL-UNNAMED --add-opens=java.base/java.lang=ALL-UNNAMED --add-opens=java.base/sun.nio.fs=ALL-UNNAMED -Declipse.application=org.eclipse.jdt.ls.core.id1 -Dosgi.bundles.defaultStartLevel=4 -Declipse.product=org.eclipse.jdt.ls.core.product -Djava.import.generatesMetadataFilesAtProjectRoot=false -DDetectVMInstallationsJob.disabled=true -Dfile.encoding=utf8 -Xlog:disable -Xbootclasspath/a:${userHome}/.m2/repository/org/projectlombok/lombok/1.18.30/lombok-1.18.30.jar -javaagent:c:\Users\ABC\.vscode\extensions\redhat.java-1.54.0-win32-x64\lombok\lombok-1.18.39-4050.jar -XX:+HeapDumpOnOutOfMemoryError -XX:HeapDumpPath=c:\Users\ABC\AppData\Roaming\Code\User\workspaceStorage\7ee84c52359e010fbff73d2c412e3fdd\redhat.java -Daether.dependencyCollector.impl=bf c:\Users\ABC\.vscode\extensions\redhat.java-1.54.0-win32-x64\server\plugins\org.eclipse.equinox.launcher_1.7.100.v20251111-0406.jar -configuration c:\Users\ABC\AppData\Roaming\Code\User\globalStorage\redhat.java\1.54.0\config_win -data c:\Users\ABC\AppData\Roaming\Code\User\workspaceStorage\7ee84c52359e010fbff73d2c412e3fdd\redhat.java\jdt_ws --pipe=\\.\pipe\lsp-4a118fad5c325b8263e789ea3cc1aacf-sock

Host: 11th Gen Intel(R) Core(TM) i5-11300H @ 3.10GHz, 8 cores, 7G,  Windows 11 , 64 bit Build 26100 (10.0.26100.8246)
Time: Wed May  6 14:10:10 2026 SE Asia Standard Time elapsed time: 19.419945 seconds (0d 0h 0m 19s)

---------------  T H R E A D  ---------------

Current thread (0x000001c65e2269d0):  JavaThread "C2 CompilerThread2" daemon [_thread_in_native, id=11012, stack(0x000000097f900000,0x000000097fa00000) (1024K)]


Current CompileTask:
C2:19420 7389       4       org.eclipse.jdt.internal.core.search.indexing.BinaryIndexer::extractReferenceFromConstantPool (358 bytes)

Stack: [0x000000097f900000,0x000000097fa00000]
Native frames: (J=compiled Java code, j=interpreted, Vv=VM code, C=native code)
V  [jvm.dll+0x6d7a39]
V  [jvm.dll+0x8b4b26]
V  [jvm.dll+0x8b70de]
V  [jvm.dll+0x8b77c3]
V  [jvm.dll+0x284346]
V  [jvm.dll+0xc66ed]
V  [jvm.dll+0xc6c31]
V  [jvm.dll+0x3bec01]
V  [jvm.dll+0x1e3bc4]
V  [jvm.dll+0x24c6b3]
V  [jvm.dll+0x24bb40]
V  [jvm.dll+0x1cb34e]
V  [jvm.dll+0x25b85d]
V  [jvm.dll+0x259dea]
V  [jvm.dll+0x3f857e]
V  [jvm.dll+0x85f59d]
V  [jvm.dll+0x6d626d]
C  [ucrtbase.dll+0x37b0]
C  [KERNEL32.DLL+0x2e8d7]
C  [ntdll.dll+0x8c3fc]


---------------  P R O C E S S  ---------------

Threads class SMR info:
_java_thread_list=0x000001c662097e70, length=39, elements={
0x000001c67dc1bae0, 0x000001c61756a9b0, 0x000001c61756dbc0, 0x000001c61756f760,
0x000001c6175701c0, 0x000001c617570c20, 0x000001c617571e20, 0x000001c617572ce0,
0x000001c6175a7820, 0x000001c617891080, 0x000001c617929f70, 0x000001c65d3f0450,
0x000001c65da97890, 0x000001c65d5e7080, 0x000001c65d5e7ac0, 0x000001c65d3a3850,
0x000001c65e1bbb70, 0x000001c65d9c9660, 0x000001c65e13f290, 0x000001c65e13e570,
0x000001c65e13ec00, 0x000001c65fbd39b0, 0x000001c65fbd4040, 0x000001c65fbd4d60,
0x000001c65fbd53f0, 0x000001c65fbd1f70, 0x000001c65fbd5a80, 0x000001c65fbd2600,
0x000001c65fbd6110, 0x000001c65fbd2c90, 0x000001c65fbd3320, 0x000001c65fbd7b50,
0x000001c65fbd74c0, 0x000001c65fbd67a0, 0x000001c65fbd81e0, 0x000001c65fbd8870,
0x000001c65fbd9590, 0x000001c65e224e90, 0x000001c65e2269d0
}

Java Threads: ( => current thread )
  0x000001c67dc1bae0 JavaThread "main"                              [_thread_blocked, id=14588, stack(0x000000097c200000,0x000000097c300000) (1024K)]
  0x000001c61756a9b0 JavaThread "Reference Handler"          daemon [_thread_blocked, id=10536, stack(0x000000097ca00000,0x000000097cb00000) (1024K)]
  0x000001c61756dbc0 JavaThread "Finalizer"                  daemon [_thread_blocked, id=11860, stack(0x000000097cb00000,0x000000097cc00000) (1024K)]
  0x000001c61756f760 JavaThread "Signal Dispatcher"          daemon [_thread_blocked, id=27060, stack(0x000000097cc00000,0x000000097cd00000) (1024K)]
  0x000001c6175701c0 JavaThread "Attach Listener"            daemon [_thread_blocked, id=29892, stack(0x000000097cd00000,0x000000097ce00000) (1024K)]
  0x000001c617570c20 JavaThread "Service Thread"             daemon [_thread_blocked, id=21784, stack(0x000000097ce00000,0x000000097cf00000) (1024K)]
  0x000001c617571e20 JavaThread "Monitor Deflation Thread"   daemon [_thread_blocked, id=22932, stack(0x000000097cf00000,0x000000097d000000) (1024K)]
  0x000001c617572ce0 JavaThread "C2 CompilerThread0"         daemon [_thread_in_native, id=10928, stack(0x000000097d000000,0x000000097d100000) (1024K)]
  0x000001c6175a7820 JavaThread "C1 CompilerThread0"         daemon [_thread_blocked, id=12012, stack(0x000000097d100000,0x000000097d200000) (1024K)]
  0x000001c617891080 JavaThread "Common-Cleaner"             daemon [_thread_blocked, id=14148, stack(0x000000097d300000,0x000000097d400000) (1024K)]
  0x000001c617929f70 JavaThread "Notification Thread"        daemon [_thread_blocked, id=30172, stack(0x000000097d400000,0x000000097d500000) (1024K)]
  0x000001c65d3f0450 JavaThread "Active Thread: Equinox Container: 0a0e93a9-2684-49ed-a2f6-c1e3b0f56768"        [_thread_blocked, id=1112, stack(0x000000097dc00000,0x000000097dd00000) (1024K)]
  0x000001c65da97890 JavaThread "Refresh Thread: Equinox Container: 0a0e93a9-2684-49ed-a2f6-c1e3b0f56768" daemon [_thread_blocked, id=20972, stack(0x000000097dd00000,0x000000097de00000) (1024K)]
  0x000001c65d5e7080 JavaThread "Framework Event Dispatcher: Equinox Container: 0a0e93a9-2684-49ed-a2f6-c1e3b0f56768" daemon [_thread_blocked, id=12552, stack(0x000000097de00000,0x000000097df00000) (1024K)]
  0x000001c65d5e7ac0 JavaThread "Start Level: Equinox Container: 0a0e93a9-2684-49ed-a2f6-c1e3b0f56768" daemon [_thread_blocked, id=2056, stack(0x000000097df00000,0x000000097e000000) (1024K)]
  0x000001c65d3a3850 JavaThread "Bundle File Closer"         daemon [_thread_blocked, id=25880, stack(0x000000097e100000,0x000000097e200000) (1024K)]
  0x000001c65e1bbb70 JavaThread "SCR Component Actor"        daemon [_thread_blocked, id=27564, stack(0x000000097d500000,0x000000097d600000) (1024K)]
  0x000001c65d9c9660 JavaThread "Worker-JM"                         [_thread_blocked, id=19592, stack(0x000000097e000000,0x000000097e100000) (1024K)]
  0x000001c65e13f290 JavaThread "JNA Cleaner"                daemon [_thread_blocked, id=10040, stack(0x000000097e200000,0x000000097e300000) (1024K)]
  0x000001c65e13e570 JavaThread "Worker-0"                          [_thread_blocked, id=20056, stack(0x000000097e300000,0x000000097e400000) (1024K)]
  0x000001c65e13ec00 JavaThread "Worker-1: Initialize workspace"        [_thread_blocked, id=18744, stack(0x000000097e400000,0x000000097e500000) (1024K)]
  0x000001c65fbd39b0 JavaThread "Java indexing"              daemon [_thread_in_Java, id=22408, stack(0x000000097e700000,0x000000097e800000) (1024K)]
  0x000001c65fbd4040 JavaThread "Worker-2: Java indexing... "        [_thread_blocked, id=20260, stack(0x000000097e800000,0x000000097e900000) (1024K)]
  0x000001c65fbd4d60 JavaThread "Worker-3"                          [_thread_blocked, id=10820, stack(0x000000097eb00000,0x000000097ec00000) (1024K)]
  0x000001c65fbd53f0 JavaThread "Worker-4: Initialize Workspace"        [_thread_blocked, id=13304, stack(0x000000097ec00000,0x000000097ed00000) (1024K)]
  0x000001c65fbd1f70 JavaThread "Thread-1"                   daemon [_thread_in_native, id=1236, stack(0x000000097ed00000,0x000000097ee00000) (1024K)]
  0x000001c65fbd5a80 JavaThread "Thread-2"                   daemon [_thread_in_native, id=14296, stack(0x000000097ee00000,0x000000097ef00000) (1024K)]
  0x000001c65fbd2600 JavaThread "Thread-3"                   daemon [_thread_in_native, id=7888, stack(0x000000097ef00000,0x000000097f000000) (1024K)]
  0x000001c65fbd6110 JavaThread "Thread-4"                   daemon [_thread_in_native, id=23180, stack(0x000000097f000000,0x000000097f100000) (1024K)]
  0x000001c65fbd2c90 JavaThread "Thread-5"                   daemon [_thread_in_native, id=16128, stack(0x000000097f100000,0x000000097f200000) (1024K)]
  0x000001c65fbd3320 JavaThread "Thread-6"                   daemon [_thread_in_native, id=19092, stack(0x000000097f200000,0x000000097f300000) (1024K)]
  0x000001c65fbd7b50 JavaThread "Thread-7"                   daemon [_thread_in_native, id=19720, stack(0x000000097f300000,0x000000097f400000) (1024K)]
  0x000001c65fbd74c0 JavaThread "Thread-8"                   daemon [_thread_in_native, id=31288, stack(0x000000097f400000,0x000000097f500000) (1024K)]
  0x000001c65fbd67a0 JavaThread "Thread-9"                   daemon [_thread_in_native, id=12436, stack(0x000000097f500000,0x000000097f600000) (1024K)]
  0x000001c65fbd81e0 JavaThread "pool-2-thread-1"                   [_thread_blocked, id=20680, stack(0x000000097f600000,0x000000097f700000) (1024K)]
  0x000001c65fbd8870 JavaThread "WorkspaceEventsHandler"            [_thread_blocked, id=18448, stack(0x000000097f700000,0x000000097f800000) (1024K)]
  0x000001c65fbd9590 JavaThread "pool-1-thread-1"                   [_thread_blocked, id=15608, stack(0x000000097f800000,0x000000097f900000) (1024K)]
  0x000001c65e224e90 JavaThread "C2 CompilerThread1"         daemon [_thread_in_native, id=29356, stack(0x000000097e500000,0x000000097e600000) (1024K)]
=>0x000001c65e2269d0 JavaThread "C2 CompilerThread2"         daemon [_thread_in_native, id=11012, stack(0x000000097f900000,0x000000097fa00000) (1024K)]
Total: 39

Other Threads:
  0x000001c6175441a0 VMThread "VM Thread"                           [id=29672, stack(0x000000097c900000,0x000000097ca00000) (1024K)]
  0x000001c617534980 WatcherThread "VM Periodic Task Thread"        [id=30100, stack(0x000000097c800000,0x000000097c900000) (1024K)]
  0x000001c67ff5a890 WorkerThread "GC Thread#0"                     [id=13548, stack(0x000000097c300000,0x000000097c400000) (1024K)]
  0x000001c65d60a6c0 WorkerThread "GC Thread#1"                     [id=14048, stack(0x000000097d600000,0x000000097d700000) (1024K)]
  0x000001c65d649ec0 WorkerThread "GC Thread#2"                     [id=14368, stack(0x000000097d700000,0x000000097d800000) (1024K)]
  0x000001c65d64a270 WorkerThread "GC Thread#3"                     [id=3616, stack(0x000000097d800000,0x000000097d900000) (1024K)]
  0x000001c65d23f4f0 WorkerThread "GC Thread#4"                     [id=25044, stack(0x000000097d900000,0x000000097da00000) (1024K)]
  0x000001c65d23f8a0 WorkerThread "GC Thread#5"                     [id=24572, stack(0x000000097da00000,0x000000097db00000) (1024K)]
  0x000001c65d240050 WorkerThread "GC Thread#6"                     [id=24164, stack(0x000000097db00000,0x000000097dc00000) (1024K)]
  0x000001c65da4c6b0 WorkerThread "GC Thread#7"                     [id=27704, stack(0x000000097d200000,0x000000097d300000) (1024K)]
  0x000001c67ff6b7a0 ConcurrentGCThread "G1 Main Marker"            [id=15088, stack(0x000000097c400000,0x000000097c500000) (1024K)]
  0x000001c67ff6e7f0 WorkerThread "G1 Conc#0"                       [id=15876, stack(0x000000097c500000,0x000000097c600000) (1024K)]
  0x000001c65d786de0 WorkerThread "G1 Conc#1"                       [id=28508, stack(0x000000097e600000,0x000000097e700000) (1024K)]
  0x000001c6173fd970 ConcurrentGCThread "G1 Refine#0"               [id=17276, stack(0x000000097c600000,0x000000097c700000) (1024K)]
  0x000001c6174011c0 ConcurrentGCThread "G1 Service"                [id=22192, stack(0x000000097c700000,0x000000097c800000) (1024K)]
Total: 15

Threads with active compile tasks:
C2 CompilerThread0  19452 7387   !   4       org.eclipse.jdt.internal.compiler.classfmt.ClassFileReader::<init> (1968 bytes)
C2 CompilerThread1  19452 7408  s    4       org.eclipse.jdt.internal.compiler.classfmt.MethodInfo::readCodeAttribute (122 bytes)
C2 CompilerThread2  19452 7389       4       org.eclipse.jdt.internal.core.search.indexing.BinaryIndexer::extractReferenceFromConstantPool (358 bytes)
Total: 3

VM state: not at safepoint (normal execution)

VM Mutex/Monitor currently owned by a thread: None

Heap address: 0x0000000084000000, size: 1984 MB, Compressed Oops mode: 32-bit

CDS archive(s) mapped at: [0x000001c618000000-0x000001c618ba0000-0x000001c618ba0000), size 12189696, SharedBaseAddress: 0x000001c618000000, ArchiveRelocationMode: 1.
Compressed class space mapped at: 0x000001c619000000-0x000001c659000000, reserved size: 1073741824
Narrow klass base: 0x000001c618000000, Narrow klass shift: 0, Narrow klass range: 0x100000000

GC Precious Log:
 CardTable entry size: 512
 Card Set container configuration: InlinePtr #cards 5 size 8 Array Of Cards #cards 12 size 40 Howl #buckets 4 coarsen threshold 1843 Howl Bitmap #cards 512 size 80 coarsen threshold 460 Card regions per heap region 1 cards per card region 2048
 CPUs: 8 total, 8 available
 Memory: 7934M
 Large Page Support: Disabled
 NUMA Support: Disabled
 Compressed Oops: Enabled (32-bit)
 Heap Region Size: 1M
 Heap Min Capacity: 8M
 Heap Initial Capacity: 124M
 Heap Max Capacity: 1984M
 Pre-touch: Disabled
 Parallel Workers: 8
 Concurrent Workers: 2
 Concurrent Refinement Workers: 8
 Periodic GC: Disabled

Heap:
 garbage-first heap   total 63488K, used 49574K [0x0000000084000000, 0x0000000100000000)
  region size 1024K, 14 young (14336K), 2 survivors (2048K)
 Metaspace       used 49888K, committed 51200K, reserved 1114112K
  class space    used 5426K, committed 6016K, reserved 1048576K

Heap Regions: E=young(eden), S=young(survivor), O=old, HS=humongous(starts), HC=humongous(continues), CS=collection set, F=free, TAMS=top-at-mark-start, PB=parsable bottom
|   0|0x0000000084000000, 0x0000000084100000, 0x0000000084100000|100%| O|  |TAMS 0x0000000084000000| PB 0x0000000084000000| Untracked 
|   1|0x0000000084100000, 0x0000000084200000, 0x0000000084200000|100%| O|  |TAMS 0x0000000084100000| PB 0x0000000084100000| Untracked 
|   2|0x0000000084200000, 0x0000000084300000, 0x0000000084300000|100%| O|  |TAMS 0x0000000084200000| PB 0x0000000084200000| Untracked 
|   3|0x0000000084300000, 0x0000000084400000, 0x0000000084400000|100%| O|  |TAMS 0x0000000084300000| PB 0x0000000084300000| Untracked 
|   4|0x0000000084400000, 0x0000000084500000, 0x0000000084500000|100%| O|Cm|TAMS 0x0000000084400000| PB 0x0000000084400000| Complete 
|   5|0x0000000084500000, 0x0000000084600000, 0x0000000084600000|100%| O|  |TAMS 0x0000000084500000| PB 0x0000000084500000| Untracked 
|   6|0x0000000084600000, 0x0000000084700000, 0x0000000084700000|100%| O|  |TAMS 0x0000000084600000| PB 0x0000000084600000| Untracked 
|   7|0x0000000084700000, 0x0000000084800000, 0x0000000084800000|100%| O|  |TAMS 0x0000000084700000| PB 0x0000000084700000| Untracked 
|   8|0x0000000084800000, 0x0000000084900000, 0x0000000084900000|100%| O|  |TAMS 0x0000000084800000| PB 0x0000000084800000| Untracked 
|   9|0x0000000084900000, 0x0000000084a00000, 0x0000000084a00000|100%| O|  |TAMS 0x0000000084900000| PB 0x0000000084900000| Untracked 
|  10|0x0000000084a00000, 0x0000000084b00000, 0x0000000084b00000|100%| O|  |TAMS 0x0000000084a00000| PB 0x0000000084a00000| Untracked 
|  11|0x0000000084b00000, 0x0000000084c00000, 0x0000000084c00000|100%| O|  |TAMS 0x0000000084b00000| PB 0x0000000084b00000| Untracked 
|  12|0x0000000084c00000, 0x0000000084d00000, 0x0000000084d00000|100%|HS|  |TAMS 0x0000000084c00000| PB 0x0000000084c00000| Complete 
|  13|0x0000000084d00000, 0x0000000084e00000, 0x0000000084e00000|100%|HS|  |TAMS 0x0000000084d00000| PB 0x0000000084d00000| Complete 
|  14|0x0000000084e00000, 0x0000000084f00000, 0x0000000084f00000|100%| O|  |TAMS 0x0000000084e00000| PB 0x0000000084e00000| Untracked 
|  15|0x0000000084f00000, 0x0000000085000000, 0x0000000085000000|100%| O|  |TAMS 0x0000000084f00000| PB 0x0000000084f00000| Untracked 
|  16|0x0000000085000000, 0x0000000085100000, 0x0000000085100000|100%| O|  |TAMS 0x0000000085000000| PB 0x0000000085000000| Untracked 
|  17|0x0000000085100000, 0x0000000085200000, 0x0000000085200000|100%| O|  |TAMS 0x0000000085100000| PB 0x0000000085100000| Untracked 
|  18|0x0000000085200000, 0x0000000085300000, 0x0000000085300000|100%| O|  |TAMS 0x0000000085200000| PB 0x0000000085200000| Untracked 
|  19|0x0000000085300000, 0x0000000085400000, 0x0000000085400000|100%| O|  |TAMS 0x0000000085300000| PB 0x0000000085300000| Untracked 
|  20|0x0000000085400000, 0x0000000085500000, 0x0000000085500000|100%| O|Cm|TAMS 0x0000000085400000| PB 0x0000000085400000| Complete 
|  21|0x0000000085500000, 0x0000000085600000, 0x0000000085600000|100%| O|  |TAMS 0x0000000085500000| PB 0x0000000085500000| Untracked 
|  22|0x0000000085600000, 0x0000000085700000, 0x0000000085700000|100%| O|  |TAMS 0x0000000085600000| PB 0x0000000085600000| Untracked 
|  23|0x0000000085700000, 0x0000000085800000, 0x0000000085800000|100%| O|  |TAMS 0x0000000085700000| PB 0x0000000085700000| Untracked 
|  24|0x0000000085800000, 0x0000000085900000, 0x0000000085900000|100%| O|  |TAMS 0x0000000085800000| PB 0x0000000085800000| Untracked 
|  25|0x0000000085900000, 0x0000000085a00000, 0x0000000085a00000|100%| O|  |TAMS 0x0000000085900000| PB 0x0000000085900000| Untracked 
|  26|0x0000000085a00000, 0x0000000085b00000, 0x0000000085b00000|100%| O|  |TAMS 0x0000000085a00000| PB 0x0000000085a00000| Untracked 
|  27|0x0000000085b00000, 0x0000000085c00000, 0x0000000085c00000|100%| O|  |TAMS 0x0000000085b00000| PB 0x0000000085b00000| Untracked 
|  28|0x0000000085c00000, 0x0000000085d00000, 0x0000000085d00000|100%| O|  |TAMS 0x0000000085c00000| PB 0x0000000085c00000| Untracked 
|  29|0x0000000085d00000, 0x0000000085e00000, 0x0000000085e00000|100%| O|Cm|TAMS 0x0000000085d00000| PB 0x0000000085d00000| Complete 
|  30|0x0000000085e00000, 0x0000000085f00000, 0x0000000085f00000|100%| O|  |TAMS 0x0000000085e00000| PB 0x0000000085e00000| Untracked 
|  31|0x0000000085f00000, 0x0000000086000000, 0x0000000086000000|100%| O|  |TAMS 0x0000000085f00000| PB 0x0000000085f00000| Untracked 
|  32|0x0000000086000000, 0x0000000086000000, 0x0000000086100000|  0%| F|  |TAMS 0x0000000086000000| PB 0x0000000086000000| Untracked 
|  33|0x0000000086100000, 0x0000000086200000, 0x0000000086200000|100%| O|  |TAMS 0x0000000086100000| PB 0x0000000086100000| Untracked 
|  34|0x0000000086200000, 0x0000000086300000, 0x0000000086300000|100%| O|  |TAMS 0x0000000086200000| PB 0x0000000086200000| Untracked 
|  35|0x0000000086300000, 0x0000000086400000, 0x0000000086400000|100%| O|  |TAMS 0x0000000086300000| PB 0x0000000086300000| Untracked 
|  36|0x0000000086400000, 0x0000000086400000, 0x0000000086500000|  0%| F|  |TAMS 0x0000000086400000| PB 0x0000000086400000| Untracked 
|  37|0x0000000086500000, 0x0000000086500000, 0x0000000086600000|  0%| F|  |TAMS 0x0000000086500000| PB 0x0000000086500000| Untracked 
|  38|0x0000000086600000, 0x0000000086669930, 0x0000000086700000| 41%| O|  |TAMS 0x0000000086600000| PB 0x0000000086600000| Untracked 
|  39|0x0000000086700000, 0x0000000086700000, 0x0000000086800000|  0%| F|  |TAMS 0x0000000086700000| PB 0x0000000086700000| Untracked 
|  40|0x0000000086800000, 0x0000000086800000, 0x0000000086900000|  0%| F|  |TAMS 0x0000000086800000| PB 0x0000000086800000| Untracked 
|  41|0x0000000086900000, 0x0000000086900000, 0x0000000086a00000|  0%| F|  |TAMS 0x0000000086900000| PB 0x0000000086900000| Untracked 
|  42|0x0000000086a00000, 0x0000000086b00000, 0x0000000086b00000|100%| S|CS|TAMS 0x0000000086a00000| PB 0x0000000086a00000| Complete 
|  43|0x0000000086b00000, 0x0000000086c00000, 0x0000000086c00000|100%| S|CS|TAMS 0x0000000086b00000| PB 0x0000000086b00000| Complete 
|  44|0x0000000086c00000, 0x0000000086c00000, 0x0000000086d00000|  0%| F|  |TAMS 0x0000000086c00000| PB 0x0000000086c00000| Untracked 
|  45|0x0000000086d00000, 0x0000000086d00000, 0x0000000086e00000|  0%| F|  |TAMS 0x0000000086d00000| PB 0x0000000086d00000| Untracked 
|  46|0x0000000086e00000, 0x0000000086e00000, 0x0000000086f00000|  0%| F|  |TAMS 0x0000000086e00000| PB 0x0000000086e00000| Untracked 
|  47|0x0000000086f00000, 0x0000000086f00000, 0x0000000087000000|  0%| F|  |TAMS 0x0000000086f00000| PB 0x0000000086f00000| Untracked 
|  48|0x0000000087000000, 0x0000000087000000, 0x0000000087100000|  0%| F|  |TAMS 0x0000000087000000| PB 0x0000000087000000| Untracked 
|  49|0x0000000087100000, 0x000000008715ca80, 0x0000000087200000| 36%| E|  |TAMS 0x0000000087100000| PB 0x0000000087100000| Complete 
|  50|0x0000000087200000, 0x0000000087300000, 0x0000000087300000|100%| E|CS|TAMS 0x0000000087200000| PB 0x0000000087200000| Complete 
|  51|0x0000000087300000, 0x0000000087400000, 0x0000000087400000|100%| E|CS|TAMS 0x0000000087300000| PB 0x0000000087300000| Complete 
|  52|0x0000000087400000, 0x0000000087500000, 0x0000000087500000|100%| E|CS|TAMS 0x0000000087400000| PB 0x0000000087400000| Complete 
|  53|0x0000000087500000, 0x0000000087600000, 0x0000000087600000|100%| E|CS|TAMS 0x0000000087500000| PB 0x0000000087500000| Complete 
|  54|0x0000000087600000, 0x0000000087700000, 0x0000000087700000|100%| E|CS|TAMS 0x0000000087600000| PB 0x0000000087600000| Complete 
|  55|0x0000000087700000, 0x0000000087800000, 0x0000000087800000|100%| E|CS|TAMS 0x0000000087700000| PB 0x0000000087700000| Complete 
|  56|0x0000000087800000, 0x0000000087900000, 0x0000000087900000|100%| E|CS|TAMS 0x0000000087800000| PB 0x0000000087800000| Complete 
|  57|0x0000000087900000, 0x0000000087a00000, 0x0000000087a00000|100%| E|CS|TAMS 0x0000000087900000| PB 0x0000000087900000| Complete 
|  77|0x0000000088d00000, 0x0000000088e00000, 0x0000000088e00000|100%| E|CS|TAMS 0x0000000088d00000| PB 0x0000000088d00000| Complete 
|  78|0x0000000088e00000, 0x0000000088f00000, 0x0000000088f00000|100%| E|CS|TAMS 0x0000000088e00000| PB 0x0000000088e00000| Complete 
|  79|0x0000000088f00000, 0x0000000089000000, 0x0000000089000000|100%| E|CS|TAMS 0x0000000088f00000| PB 0x0000000088f00000| Complete 
| 123|0x000000008bb00000, 0x000000008bc00000, 0x000000008bc00000|100%| E|CS|TAMS 0x000000008bb00000| PB 0x000000008bb00000| Complete 

Card table byte_map: [0x000001c612850000,0x000001c612c30000] _byte_map_base: 0x000001c612430000

Marking Bits: (CMBitMap*) 0x000001c67ff5b6c0
 Bits: [0x000001c612c30000, 0x000001c614b30000)

Polling page: 0x000001c67dbc0000

Metaspace:

Usage:
  Non-class:     43.42 MB used.
      Class:      5.30 MB used.
       Both:     48.72 MB used.

Virtual space:
  Non-class space:       64.00 MB reserved,      44.12 MB ( 69%) committed,  1 nodes.
      Class space:        1.00 GB reserved,       5.88 MB ( <1%) committed,  1 nodes.
             Both:        1.06 GB reserved,      50.00 MB (  5%) committed. 

Chunk freelists:
   Non-Class:  3.69 MB
       Class:  10.16 MB
        Both:  13.85 MB

MaxMetaspaceSize: unlimited
CompressedClassSpaceSize: 1.00 GB
Initial GC threshold: 21.00 MB
Current GC threshold: 83.38 MB
CDS: on
 - commit_granule_bytes: 65536.
 - commit_granule_words: 8192.
 - virtual_space_node_default_size: 8388608.
 - enlarge_chunks_in_place: 1.
 - use_allocation_guard: 0.


Internal statistics:

num_allocs_failed_limit: 6.
num_arena_births: 992.
num_arena_deaths: 14.
num_vsnodes_births: 2.
num_vsnodes_deaths: 0.
num_space_committed: 800.
num_space_uncommitted: 0.
num_chunks_returned_to_freelist: 20.
num_chunks_taken_from_freelist: 3314.
num_chunk_merges: 11.
num_chunk_splits: 2012.
num_chunks_enlarged: 1111.
num_inconsistent_stats: 0.

CodeHeap 'non-profiled nmethods': size=120000Kb used=4138Kb max_used=4202Kb free=115861Kb
 bounds [0x000001c60ac10000, 0x000001c60b030000, 0x000001c612140000]
CodeHeap 'profiled nmethods': size=120000Kb used=12406Kb max_used=13435Kb free=107593Kb
 bounds [0x000001c603140000, 0x000001c603e70000, 0x000001c60a670000]
CodeHeap 'non-nmethods': size=5760Kb used=1738Kb max_used=1785Kb free=4022Kb
 bounds [0x000001c60a670000, 0x000001c60a8e0000, 0x000001c60ac10000]
CodeCache: size=245760Kb, used=18282Kb, max_used=19422Kb, free=227476Kb
 total_blobs=6796, nmethods=6102, adapters=596, full_count=0
Compilation: enabled, stopped_count=0, restarted_count=0

Compilation events (20 events):
Event: 19.281 Thread 0x000001c65e224e90 nmethod 7401 0x000001c60ae98f90 code [0x000001c60ae99260, 0x000001c60ae9b8f8]
Event: 19.281 Thread 0x000001c65e224e90 7402       4       org.eclipse.jdt.internal.core.search.matching.MethodDeclarationPattern::getTypeErasure (122 bytes)
Event: 19.285 Thread 0x000001c65e224e90 nmethod 7402 0x000001c60ae7da10 code [0x000001c60ae7dba0, 0x000001c60ae7dd20]
Event: 19.285 Thread 0x000001c65e224e90 7405       4       org.eclipse.jdt.internal.core.search.matching.MethodDeclarationPattern::encodeExtraFlags (49 bytes)
Event: 19.285 Thread 0x000001c65e224e90 nmethod 7405 0x000001c60ad33210 code [0x000001c60ad33380, 0x000001c60ad33420]
Event: 19.285 Thread 0x000001c65e224e90 7378       4       java.lang.invoke.DelegatingMethodHandle$Holder::reinvoke_L (20 bytes)
Event: 19.287 Thread 0x000001c65e224e90 nmethod 7378 0x000001c60ad9ef10 code [0x000001c60ad9f0c0, 0x000001c60ad9f1f8]
Event: 19.287 Thread 0x000001c65e224e90 7225       4       java.lang.invoke.DirectMethodHandle::preparedFieldLambdaForm (48 bytes)
Event: 19.291 Thread 0x000001c65e224e90 nmethod 7225 0x000001c60adf8f90 code [0x000001c60adf9140, 0x000001c60adf9428]
Event: 19.291 Thread 0x000001c65e224e90 7226       4       java.lang.invoke.DirectMethodHandle::ftypeKind (38 bytes)
Event: 19.292 Thread 0x000001c65e224e90 nmethod 7226 0x000001c60af69e90 code [0x000001c60af6a020, 0x000001c60af6a140]
Event: 19.292 Thread 0x000001c65e224e90 7346       4       org.eclipse.jdt.core.search.SearchDocument::addIndexEntry (21 bytes)
Event: 19.295 Thread 0x000001c65e224e90 nmethod 7346 0x000001c60af69890 code [0x000001c60af69a40, 0x000001c60af69c90]
Event: 19.295 Thread 0x000001c65e224e90 7407       4       org.eclipse.jdt.internal.core.search.indexing.BinaryIndexer::extractArgCount (316 bytes)
Event: 19.310 Thread 0x000001c65e224e90 nmethod 7407 0x000001c60ad54110 code [0x000001c60ad542e0, 0x000001c60ad54a78]
Event: 19.310 Thread 0x000001c65e224e90 7408  s    4       org.eclipse.jdt.internal.compiler.classfmt.MethodInfo::readCodeAttribute (122 bytes)
Event: 19.362 Thread 0x000001c6175a7820 7411       3       org.eclipse.jdt.internal.compiler.classfmt.MethodInfo::decodeTypeAnnotations (88 bytes)
Event: 19.363 Thread 0x000001c6175a7820 nmethod 7411 0x000001c6034ee410 code [0x000001c6034ee600, 0x000001c6034eecb0]
Event: 19.383 Thread 0x000001c6175a7820 7415       3       org.eclipse.jdt.internal.core.search.indexing.BinaryIndexer::decodeParameterTypes (596 bytes)
Event: 19.385 Thread 0x000001c6175a7820 nmethod 7415 0x000001c6035dc190 code [0x000001c6035dc5a0, 0x000001c6035debc0]

GC Heap History (20 events):
Event: 14.766 GC heap before
{Heap before GC invocations=17 (full 0):
 garbage-first heap   total 56320K, used 49085K [0x0000000084000000, 0x0000000100000000)
  region size 1024K, 24 young (24576K), 4 survivors (4096K)
 Metaspace       used 48987K, committed 50304K, reserved 1114112K
  class space    used 5343K, committed 5952K, reserved 1048576K
}
Event: 14.769 GC heap after
{Heap after GC invocations=18 (full 0):
 garbage-first heap   total 56320K, used 30331K [0x0000000084000000, 0x0000000100000000)
  region size 1024K, 3 young (3072K), 3 survivors (3072K)
 Metaspace       used 48987K, committed 50304K, reserved 1114112K
  class space    used 5343K, committed 5952K, reserved 1048576K
}
Event: 15.315 GC heap before
{Heap before GC invocations=18 (full 0):
 garbage-first heap   total 56320K, used 48763K [0x0000000084000000, 0x0000000100000000)
  region size 1024K, 22 young (22528K), 3 survivors (3072K)
 Metaspace       used 49122K, committed 50432K, reserved 1114112K
  class space    used 5360K, committed 5952K, reserved 1048576K
}
Event: 15.319 GC heap after
{Heap after GC invocations=19 (full 0):
 garbage-first heap   total 56320K, used 31710K [0x0000000084000000, 0x0000000100000000)
  region size 1024K, 3 young (3072K), 3 survivors (3072K)
 Metaspace       used 49122K, committed 50432K, reserved 1114112K
  class space    used 5360K, committed 5952K, reserved 1048576K
}
Event: 16.944 GC heap before
{Heap before GC invocations=19 (full 0):
 garbage-first heap   total 56320K, used 49118K [0x0000000084000000, 0x0000000100000000)
  region size 1024K, 21 young (21504K), 3 survivors (3072K)
 Metaspace       used 49426K, committed 50688K, reserved 1114112K
  class space    used 5373K, committed 5952K, reserved 1048576K
}
Event: 16.954 GC heap after
{Heap after GC invocations=20 (full 0):
 garbage-first heap   total 56320K, used 33907K [0x0000000084000000, 0x0000000100000000)
  region size 1024K, 3 young (3072K), 3 survivors (3072K)
 Metaspace       used 49426K, committed 50688K, reserved 1114112K
  class space    used 5373K, committed 5952K, reserved 1048576K
}
Event: 18.025 GC heap before
{Heap before GC invocations=21 (full 0):
 garbage-first heap   total 58368K, used 50291K [0x0000000084000000, 0x0000000100000000)
  region size 1024K, 19 young (19456K), 3 survivors (3072K)
 Metaspace       used 49560K, committed 50816K, reserved 1114112K
  class space    used 5394K, committed 5952K, reserved 1048576K
}
Event: 18.028 GC heap after
{Heap after GC invocations=22 (full 0):
 garbage-first heap   total 58368K, used 35014K [0x0000000084000000, 0x0000000100000000)
  region size 1024K, 2 young (2048K), 2 survivors (2048K)
 Metaspace       used 49560K, committed 50816K, reserved 1114112K
  class space    used 5394K, committed 5952K, reserved 1048576K
}
Event: 18.457 GC heap before
{Heap before GC invocations=22 (full 0):
 garbage-first heap   total 58368K, used 51398K [0x0000000084000000, 0x0000000100000000)
  region size 1024K, 19 young (19456K), 2 survivors (2048K)
 Metaspace       used 49852K, committed 51200K, reserved 1114112K
  class space    used 5424K, committed 6016K, reserved 1048576K
}
Event: 18.460 GC heap after
{Heap after GC invocations=23 (full 0):
 garbage-first heap   total 58368K, used 36238K [0x0000000084000000, 0x0000000100000000)
  region size 1024K, 3 young (3072K), 3 survivors (3072K)
 Metaspace       used 49852K, committed 51200K, reserved 1114112K
  class space    used 5424K, committed 6016K, reserved 1048576K
}
Event: 18.638 GC heap before
{Heap before GC invocations=23 (full 0):
 garbage-first heap   total 58368K, used 52622K [0x0000000084000000, 0x0000000100000000)
  region size 1024K, 19 young (19456K), 3 survivors (3072K)
 Metaspace       used 49866K, committed 51200K, reserved 1114112K
  class space    used 5426K, committed 6016K, reserved 1048576K
}
Event: 18.640 GC heap after
{Heap after GC invocations=24 (full 0):
 garbage-first heap   total 58368K, used 36208K [0x0000000084000000, 0x0000000100000000)
  region size 1024K, 2 young (2048K), 2 survivors (2048K)
 Metaspace       used 49866K, committed 51200K, reserved 1114112K
  class space    used 5426K, committed 6016K, reserved 1048576K
}
Event: 18.820 GC heap before
{Heap before GC invocations=25 (full 0):
 garbage-first heap   total 61440K, used 53616K [0x0000000084000000, 0x0000000100000000)
  region size 1024K, 19 young (19456K), 2 survivors (2048K)
 Metaspace       used 49869K, committed 51200K, reserved 1114112K
  class space    used 5426K, committed 6016K, reserved 1048576K
}
Event: 18.822 GC heap after
{Heap after GC invocations=26 (full 0):
 garbage-first heap   total 61440K, used 37416K [0x0000000084000000, 0x0000000100000000)
  region size 1024K, 3 young (3072K), 3 survivors (3072K)
 Metaspace       used 49869K, committed 51200K, reserved 1114112K
  class space    used 5426K, committed 6016K, reserved 1048576K
}
Event: 18.977 GC heap before
{Heap before GC invocations=26 (full 0):
 garbage-first heap   total 61440K, used 55848K [0x0000000084000000, 0x0000000100000000)
  region size 1024K, 21 young (21504K), 3 survivors (3072K)
 Metaspace       used 49871K, committed 51200K, reserved 1114112K
  class space    used 5426K, committed 6016K, reserved 1048576K
}
Event: 18.981 GC heap after
{Heap after GC invocations=27 (full 0):
 garbage-first heap   total 61440K, used 34782K [0x0000000084000000, 0x0000000100000000)
  region size 1024K, 1 young (1024K), 1 survivors (1024K)
 Metaspace       used 49871K, committed 51200K, reserved 1114112K
  class space    used 5426K, committed 6016K, reserved 1048576K
}
Event: 19.188 GC heap before
{Heap before GC invocations=27 (full 0):
 garbage-first heap   total 61440K, used 56286K [0x0000000084000000, 0x0000000100000000)
  region size 1024K, 22 young (22528K), 1 survivors (1024K)
 Metaspace       used 49885K, committed 51200K, reserved 1114112K
  class space    used 5426K, committed 6016K, reserved 1048576K
}
Event: 19.190 GC heap after
{Heap after GC invocations=28 (full 0):
 garbage-first heap   total 61440K, used 36497K [0x0000000084000000, 0x0000000100000000)
  region size 1024K, 3 young (3072K), 3 survivors (3072K)
 Metaspace       used 49885K, committed 51200K, reserved 1114112K
  class space    used 5426K, committed 6016K, reserved 1048576K
}
Event: 19.366 GC heap before
{Heap before GC invocations=29 (full 0):
 garbage-first heap   total 63488K, used 54929K [0x0000000084000000, 0x0000000100000000)
  region size 1024K, 21 young (21504K), 3 survivors (3072K)
 Metaspace       used 49888K, committed 51200K, reserved 1114112K
  class space    used 5426K, committed 6016K, reserved 1048576K
}
Event: 19.370 GC heap after
{Heap after GC invocations=30 (full 0):
 garbage-first heap   total 63488K, used 38310K [0x0000000084000000, 0x0000000100000000)
  region size 1024K, 2 young (2048K), 2 survivors (2048K)
 Metaspace       used 49888K, committed 51200K, reserved 1114112K
  class space    used 5426K, committed 6016K, reserved 1048576K
}

Dll operation events (10 events):
Event: 0.020 Loaded shared library c:\Users\ABC\.vscode\extensions\redhat.java-1.54.0-win32-x64\jre\21.0.10-win32-x86_64\bin\java.dll
Event: 0.125 Loaded shared library c:\Users\ABC\.vscode\extensions\redhat.java-1.54.0-win32-x64\jre\21.0.10-win32-x86_64\bin\zip.dll
Event: 0.159 Loaded shared library C:\Users\ABC\.vscode\extensions\redhat.java-1.54.0-win32-x64\jre\21.0.10-win32-x86_64\bin\instrument.dll
Event: 0.217 Loaded shared library C:\Users\ABC\.vscode\extensions\redhat.java-1.54.0-win32-x64\jre\21.0.10-win32-x86_64\bin\net.dll
Event: 0.220 Loaded shared library C:\Users\ABC\.vscode\extensions\redhat.java-1.54.0-win32-x64\jre\21.0.10-win32-x86_64\bin\nio.dll
Event: 0.224 Loaded shared library C:\Users\ABC\.vscode\extensions\redhat.java-1.54.0-win32-x64\jre\21.0.10-win32-x86_64\bin\zip.dll
Event: 0.281 Loaded shared library C:\Users\ABC\.vscode\extensions\redhat.java-1.54.0-win32-x64\jre\21.0.10-win32-x86_64\bin\jimage.dll
Event: 0.371 Loaded shared library c:\Users\ABC\.vscode\extensions\redhat.java-1.54.0-win32-x64\jre\21.0.10-win32-x86_64\bin\verify.dll
Event: 1.866 Loaded shared library C:\Users\ABC\AppData\Roaming\Code\User\globalStorage\redhat.java\1.54.0\config_win\org.eclipse.equinox.launcher\org.eclipse.equinox.launcher.win32.win32.x86_64_1.3.0.v20260203-2149\eclipse_11919.dll
Event: 5.638 Loaded shared library C:\Users\ABC\AppData\Local\Temp\jna-64578\jna12071236951597949977.dll

Deoptimization events (20 events):
Event: 19.260 Thread 0x000001c65fbd39b0 DEOPT PACKING pc=0x000001c603d982a7 sp=0x000000097e7fe940
Event: 19.260 Thread 0x000001c65fbd39b0 DEOPT UNPACKING pc=0x000001c60a6c86e2 sp=0x000000097e7fdeb8 mode 0
Event: 19.269 Thread 0x000001c65fbd39b0 DEOPT PACKING pc=0x000001c6034a5553 sp=0x000000097e7fe970
Event: 19.269 Thread 0x000001c65fbd39b0 DEOPT UNPACKING pc=0x000001c60a6c86e2 sp=0x000000097e7fded8 mode 0
Event: 19.281 Thread 0x000001c65fbd39b0 DEOPT PACKING pc=0x000001c6034a55d3 sp=0x000000097e7fe970
Event: 19.281 Thread 0x000001c65fbd39b0 DEOPT UNPACKING pc=0x000001c60a6c86e2 sp=0x000000097e7fded8 mode 0
Event: 19.284 Thread 0x000001c65fbd39b0 DEOPT PACKING pc=0x000001c603d982a7 sp=0x000000097e7fe940
Event: 19.284 Thread 0x000001c65fbd39b0 DEOPT UNPACKING pc=0x000001c60a6c86e2 sp=0x000000097e7fdeb8 mode 0
Event: 19.289 Thread 0x000001c65fbd39b0 DEOPT PACKING pc=0x000001c6034a55d3 sp=0x000000097e7fe970
Event: 19.289 Thread 0x000001c65fbd39b0 DEOPT UNPACKING pc=0x000001c60a6c86e2 sp=0x000000097e7fded8 mode 0
Event: 19.354 Thread 0x000001c65fbd39b0 DEOPT PACKING pc=0x000001c6034a5553 sp=0x000000097e7fe970
Event: 19.354 Thread 0x000001c65fbd39b0 DEOPT UNPACKING pc=0x000001c60a6c86e2 sp=0x000000097e7fded8 mode 0
Event: 19.356 Thread 0x000001c65fbd39b0 DEOPT PACKING pc=0x000001c603d982a7 sp=0x000000097e7fe940
Event: 19.356 Thread 0x000001c65fbd39b0 DEOPT UNPACKING pc=0x000001c60a6c86e2 sp=0x000000097e7fdeb8 mode 0
Event: 19.380 Thread 0x000001c65fbd39b0 Uncommon trap: trap_request=0xffffff45 fr.pc=0x000001c60b00a53c relative=0x00000000000020bc
Event: 19.380 Thread 0x000001c65fbd39b0 Uncommon trap: reason=unstable_if action=reinterpret pc=0x000001c60b00a53c method=org.eclipse.jdt.internal.core.search.indexing.BinaryIndexer.decodeParameterTypes([CZ)[[C @ 414 c2
Event: 19.380 Thread 0x000001c65fbd39b0 DEOPT PACKING pc=0x000001c60b00a53c sp=0x000000097e7fea10
Event: 19.380 Thread 0x000001c65fbd39b0 DEOPT UNPACKING pc=0x000001c60a6c7ba2 sp=0x000000097e7fea18 mode 2
Event: 19.383 Thread 0x000001c65fbd39b0 DEOPT PACKING pc=0x000001c6034a55d3 sp=0x000000097e7fe970
Event: 19.383 Thread 0x000001c65fbd39b0 DEOPT UNPACKING pc=0x000001c60a6c86e2 sp=0x000000097e7fded8 mode 0

Classes loaded (20 events):
Event: 13.394 Loading class sun/nio/fs/Globs
Event: 13.394 Loading class sun/nio/fs/Globs done
Event: 13.395 Loading class java/util/regex/Pattern$SliceU
Event: 13.397 Loading class java/util/regex/Pattern$SliceU done
Event: 13.397 Loading class sun/nio/fs/WindowsFileSystem$2
Event: 13.397 Loading class java/nio/file/PathMatcher
Event: 13.397 Loading class java/nio/file/PathMatcher done
Event: 13.397 Loading class sun/nio/fs/WindowsFileSystem$2 done
Event: 13.399 Loading class java/nio/file/FileVisitResult
Event: 13.399 Loading class java/nio/file/FileVisitResult done
Event: 13.888 Loading class sun/nio/fs/WindowsFileCopy
Event: 13.889 Loading class sun/nio/fs/WindowsFileCopy done
Event: 16.603 Loading class java/util/regex/PatternSyntaxException
Event: 16.603 Loading class java/util/regex/PatternSyntaxException done
Event: 17.990 Loading class java/util/Collections$SynchronizedRandomAccessList
Event: 17.990 Loading class java/util/Collections$SynchronizedList
Event: 17.990 Loading class java/util/Collections$SynchronizedList done
Event: 17.990 Loading class java/util/Collections$SynchronizedRandomAccessList done
Event: 18.011 Loading class java/util/concurrent/CompletableFuture$Signaller
Event: 18.011 Loading class java/util/concurrent/CompletableFuture$Signaller done

Classes unloaded (7 events):
Event: 10.019 Thread 0x000001c6175441a0 Unloading class 0x000001c6191a4800 'java/lang/invoke/LambdaForm$MH+0x000001c6191a4800'
Event: 10.019 Thread 0x000001c6175441a0 Unloading class 0x000001c6191a4400 'java/lang/invoke/LambdaForm$MH+0x000001c6191a4400'
Event: 10.019 Thread 0x000001c6175441a0 Unloading class 0x000001c6191a4000 'java/lang/invoke/LambdaForm$MH+0x000001c6191a4000'
Event: 10.019 Thread 0x000001c6175441a0 Unloading class 0x000001c6191a3c00 'java/lang/invoke/LambdaForm$MH+0x000001c6191a3c00'
Event: 10.019 Thread 0x000001c6175441a0 Unloading class 0x000001c6191a3800 'java/lang/invoke/LambdaForm$BMH+0x000001c6191a3800'
Event: 10.019 Thread 0x000001c6175441a0 Unloading class 0x000001c6191a3400 'java/lang/invoke/LambdaForm$DMH+0x000001c6191a3400'
Event: 10.019 Thread 0x000001c6175441a0 Unloading class 0x000001c6191a2000 'java/lang/invoke/LambdaForm$DMH+0x000001c6191a2000'

Classes redefined (0 events):
No events

Internal exceptions (20 events):
Event: 17.842 Thread 0x000001c65fbd53f0 Exception <a 'sun/nio/fs/WindowsException'{0x0000000086e27558}> (0x0000000086e27558) 
thrown [s\src\hotspot\share\prims\jni.cpp, line 520]
Event: 17.843 Thread 0x000001c65fbd53f0 Exception <a 'sun/nio/fs/WindowsException'{0x0000000086e2b680}> (0x0000000086e2b680) 
thrown [s\src\hotspot\share\prims\jni.cpp, line 520]
Event: 17.844 Thread 0x000001c65fbd53f0 Exception <a 'sun/nio/fs/WindowsException'{0x0000000086e2fae8}> (0x0000000086e2fae8) 
thrown [s\src\hotspot\share\prims\jni.cpp, line 520]
Event: 17.844 Thread 0x000001c65fbd53f0 Exception <a 'sun/nio/fs/WindowsException'{0x0000000086e33988}> (0x0000000086e33988) 
thrown [s\src\hotspot\share\prims\jni.cpp, line 520]
Event: 17.845 Thread 0x000001c65fbd53f0 Exception <a 'sun/nio/fs/WindowsException'{0x0000000086e38a20}> (0x0000000086e38a20) 
thrown [s\src\hotspot\share\prims\jni.cpp, line 520]
Event: 17.850 Thread 0x000001c65fbd53f0 Exception <a 'sun/nio/fs/WindowsException'{0x0000000086e3d5d8}> (0x0000000086e3d5d8) 
thrown [s\src\hotspot\share\prims\jni.cpp, line 520]
Event: 17.851 Thread 0x000001c65fbd53f0 Exception <a 'sun/nio/fs/WindowsException'{0x0000000086e41bc0}> (0x0000000086e41bc0) 
thrown [s\src\hotspot\share\prims\jni.cpp, line 520]
Event: 17.851 Thread 0x000001c65fbd53f0 Exception <a 'sun/nio/fs/WindowsException'{0x0000000086e45c40}> (0x0000000086e45c40) 
thrown [s\src\hotspot\share\prims\jni.cpp, line 520]
Event: 17.852 Thread 0x000001c65fbd53f0 Exception <a 'sun/nio/fs/WindowsException'{0x0000000086e4b098}> (0x0000000086e4b098) 
thrown [s\src\hotspot\share\prims\jni.cpp, line 520]
Event: 17.852 Thread 0x000001c65fbd53f0 Exception <a 'sun/nio/fs/WindowsException'{0x0000000086e4eea0}> (0x0000000086e4eea0) 
thrown [s\src\hotspot\share\prims\jni.cpp, line 520]
Event: 17.852 Thread 0x000001c65fbd53f0 Exception <a 'sun/nio/fs/WindowsException'{0x0000000086e53490}> (0x0000000086e53490) 
thrown [s\src\hotspot\share\prims\jni.cpp, line 520]
Event: 17.852 Thread 0x000001c65fbd53f0 Exception <a 'sun/nio/fs/WindowsException'{0x0000000086e588e0}> (0x0000000086e588e0) 
thrown [s\src\hotspot\share\prims\jni.cpp, line 520]
Event: 17.853 Thread 0x000001c65fbd53f0 Exception <a 'sun/nio/fs/WindowsException'{0x0000000086e5e178}> (0x0000000086e5e178) 
thrown [s\src\hotspot\share\prims\jni.cpp, line 520]
Event: 18.010 Thread 0x000001c65fbd9590 Exception <a 'java/lang/IncompatibleClassChangeError'{0x0000000086b4bff8}: Found class java.lang.Object, but interface was expected> (0x0000000086b4bff8) 
thrown [s\src\hotspot\share\interpreter\linkResolver.cpp, line 840]
Event: 18.416 Thread 0x000001c65fbd39b0 Exception <a 'sun/nio/fs/WindowsException'{0x0000000086c9dfd0}> (0x0000000086c9dfd0) 
thrown [s\src\hotspot\share\prims\jni.cpp, line 520]
Event: 18.635 Thread 0x000001c65fbd39b0 Exception <a 'sun/nio/fs/WindowsException'{0x00000000869fcb48}> (0x00000000869fcb48) 
thrown [s\src\hotspot\share\prims\jni.cpp, line 520]
Event: 18.730 Thread 0x000001c65fbd39b0 Exception <a 'sun/nio/fs/WindowsException'{0x0000000088ef2a30}> (0x0000000088ef2a30) 
thrown [s\src\hotspot\share\prims\jni.cpp, line 520]
Event: 18.957 Thread 0x000001c65fbd39b0 Exception <a 'sun/nio/fs/WindowsException'{0x0000000086cd0e08}> (0x0000000086cd0e08) 
thrown [s\src\hotspot\share\prims\jni.cpp, line 520]
Event: 19.010 Thread 0x000001c65fbd39b0 Exception <a 'sun/nio/fs/WindowsException'{0x000000008bba15d8}> (0x000000008bba15d8) 
thrown [s\src\hotspot\share\prims\jni.cpp, line 520]
Event: 19.073 Thread 0x000001c65fbd39b0 Exception <a 'sun/nio/fs/WindowsException'{0x0000000088f65ce0}> (0x0000000088f65ce0) 
thrown [s\src\hotspot\share\prims\jni.cpp, line 520]

ZGC Phase Switch (0 events):
No events

VM Operations (20 events):
Event: 18.457 Executing safepoint VM operation: G1CollectForAllocation (G1 Evacuation Pause)
Event: 18.460 Executing safepoint VM operation: G1CollectForAllocation (G1 Evacuation Pause) done
Event: 18.638 Executing safepoint VM operation: G1CollectForAllocation (G1 Evacuation Pause)
Event: 18.640 Executing safepoint VM operation: G1CollectForAllocation (G1 Evacuation Pause) done
Event: 18.682 Executing safepoint VM operation: G1PauseRemark
Event: 18.686 Executing safepoint VM operation: G1PauseRemark done
Event: 18.703 Executing safepoint VM operation: G1PauseCleanup
Event: 18.704 Executing safepoint VM operation: G1PauseCleanup done
Event: 18.820 Executing safepoint VM operation: G1CollectForAllocation (G1 Evacuation Pause)
Event: 18.822 Executing safepoint VM operation: G1CollectForAllocation (G1 Evacuation Pause) done
Event: 18.977 Executing safepoint VM operation: G1CollectForAllocation (G1 Evacuation Pause)
Event: 18.981 Executing safepoint VM operation: G1CollectForAllocation (G1 Evacuation Pause) done
Event: 19.188 Executing safepoint VM operation: G1CollectForAllocation (G1 Evacuation Pause)
Event: 19.190 Executing safepoint VM operation: G1CollectForAllocation (G1 Evacuation Pause) done
Event: 19.226 Executing safepoint VM operation: G1PauseRemark
Event: 19.249 Executing safepoint VM operation: G1PauseRemark done
Event: 19.265 Executing safepoint VM operation: G1PauseCleanup
Event: 19.265 Executing safepoint VM operation: G1PauseCleanup done
Event: 19.366 Executing safepoint VM operation: G1CollectForAllocation (G1 Evacuation Pause)
Event: 19.370 Executing safepoint VM operation: G1CollectForAllocation (G1 Evacuation Pause) done

Memory protections (0 events):
No events

Nmethod flushes (20 events):
Event: 19.249 Thread 0x000001c6175441a0 flushing  nmethod 0x000001c60ad9ef10
Event: 19.249 Thread 0x000001c6175441a0 flushing  nmethod 0x000001c60afcad10
Event: 19.249 Thread 0x000001c6175441a0 flushing  nmethod 0x000001c60351ce10
Event: 19.249 Thread 0x000001c6175441a0 flushing  nmethod 0x000001c60ae83b90
Event: 19.249 Thread 0x000001c6175441a0 flushing  nmethod 0x000001c6031da310
Event: 19.249 Thread 0x000001c6175441a0 flushing  nmethod 0x000001c603287390
Event: 19.249 Thread 0x000001c6175441a0 flushing  nmethod 0x000001c6032b1f90
Event: 19.249 Thread 0x000001c6175441a0 flushing  nmethod 0x000001c6032e7410
Event: 19.249 Thread 0x000001c6175441a0 flushing  nmethod 0x000001c6039eb390
Event: 19.249 Thread 0x000001c6175441a0 flushing  nmethod 0x000001c60afb4b10
Event: 19.249 Thread 0x000001c6175441a0 flushing  nmethod 0x000001c60321e590
Event: 19.249 Thread 0x000001c6175441a0 flushing  nmethod 0x000001c6033d0610
Event: 19.249 Thread 0x000001c6175441a0 flushing  nmethod 0x000001c60347c810
Event: 19.249 Thread 0x000001c6175441a0 flushing  nmethod 0x000001c603506c10
Event: 19.249 Thread 0x000001c6175441a0 flushing  nmethod 0x000001c603512b90
Event: 19.249 Thread 0x000001c6175441a0 flushing  nmethod 0x000001c60353bc10
Event: 19.249 Thread 0x000001c6175441a0 flushing  nmethod 0x000001c60353f010
Event: 19.249 Thread 0x000001c6175441a0 flushing  nmethod 0x000001c60360d990
Event: 19.249 Thread 0x000001c6175441a0 flushing  nmethod 0x000001c603755410
Event: 19.249 Thread 0x000001c6175441a0 flushing  nmethod 0x000001c603d5df90

Events (20 events):
Event: 10.169 Thread 0x000001c67dc1bae0 Thread added: 0x000001c65fbd3320
Event: 10.192 Thread 0x000001c67dc1bae0 Thread added: 0x000001c65fbd7b50
Event: 10.193 Thread 0x000001c67dc1bae0 Thread added: 0x000001c65fbd74c0
Event: 10.193 Thread 0x000001c67dc1bae0 Thread added: 0x000001c65fbd67a0
Event: 10.227 Thread 0x000001c67dc1bae0 Thread added: 0x000001c65fbd81e0
Event: 10.789 Thread 0x000001c67dc1bae0 Thread added: 0x000001c65fbd8870
Event: 10.789 Thread 0x000001c67dc1bae0 Thread added: 0x000001c65fbd9590
Event: 13.366 Thread 0x000001c65fbd53f0 Thread added: 0x000001c65fe3dc50
Event: 13.931 Thread 0x000001c65e2269d0 Thread exited: 0x000001c65e2269d0
Event: 14.069 Thread 0x000001c6175a7820 Thread added: 0x000001c65e224e90
Event: 14.332 Thread 0x000001c65e224e90 Thread exited: 0x000001c65e224e90
Event: 14.560 Thread 0x000001c6175a7820 Thread added: 0x000001c65e2269d0
Event: 15.361 Thread 0x000001c65e2269d0 Thread exited: 0x000001c65e2269d0
Event: 15.552 Thread 0x000001c6175a7820 Thread added: 0x000001c65e224e90
Event: 16.576 Thread 0x000001c65e224e90 Thread exited: 0x000001c65e224e90
Event: 16.620 Thread 0x000001c6175a7820 Thread added: 0x000001c65e2269d0
Event: 17.226 Thread 0x000001c65e2269d0 Thread exited: 0x000001c65e2269d0
Event: 17.587 Thread 0x000001c6175a7820 Thread added: 0x000001c65e224e90
Event: 17.941 Thread 0x000001c65fe3dc50 Thread exited: 0x000001c65fe3dc50
Event: 18.053 Thread 0x000001c6175a7820 Thread added: 0x000001c65e2269d0


Dynamic libraries:
0x00007ff6a12e0000 - 0x00007ff6a12ee000 	c:\Users\ABC\.vscode\extensions\redhat.java-1.54.0-win32-x64\jre\21.0.10-win32-x86_64\bin\java.exe
0x00007ffeeb060000 - 0x00007ffeeb2c7000 	C:\WINDOWS\SYSTEM32\ntdll.dll
0x00007ffee9b40000 - 0x00007ffee9c09000 	C:\WINDOWS\System32\KERNEL32.DLL
0x00007ffee80d0000 - 0x00007ffee84c4000 	C:\WINDOWS\System32\KERNELBASE.dll
0x00007ffee7f80000 - 0x00007ffee80cb000 	C:\WINDOWS\System32\ucrtbase.dll
0x00007ffede600000 - 0x00007ffede61e000 	c:\Users\ABC\.vscode\extensions\redhat.java-1.54.0-win32-x64\jre\21.0.10-win32-x86_64\bin\VCRUNTIME140.dll
0x00007ffede620000 - 0x00007ffede638000 	c:\Users\ABC\.vscode\extensions\redhat.java-1.54.0-win32-x64\jre\21.0.10-win32-x86_64\bin\jli.dll
0x00007ffeea8a0000 - 0x00007ffeeaa65000 	C:\WINDOWS\System32\USER32.dll
0x00007ffee79c0000 - 0x00007ffee79e7000 	C:\WINDOWS\System32\win32u.dll
0x00007ffecbe40000 - 0x00007ffecc0d3000 	C:\WINDOWS\WinSxS\amd64_microsoft.windows.common-controls_6595b64144ccf1df_6.0.26100.8115_none_3e075c82e3354f9c\COMCTL32.dll
0x00007ffee9c10000 - 0x00007ffee9cb9000 	C:\WINDOWS\System32\msvcrt.dll
0x00007ffee9240000 - 0x00007ffee926b000 	C:\WINDOWS\System32\GDI32.dll
0x00007ffee7c20000 - 0x00007ffee7d4b000 	C:\WINDOWS\System32\gdi32full.dll
0x00007ffee7d50000 - 0x00007ffee7df3000 	C:\WINDOWS\System32\msvcp_win.dll
0x00007ffee9af0000 - 0x00007ffee9b22000 	C:\WINDOWS\System32\IMM32.DLL
0x00007ffede5f0000 - 0x00007ffede5fc000 	c:\Users\ABC\.vscode\extensions\redhat.java-1.54.0-win32-x64\jre\21.0.10-win32-x86_64\bin\vcruntime140_1.dll
0x00007ffeb6040000 - 0x00007ffeb60cd000 	c:\Users\ABC\.vscode\extensions\redhat.java-1.54.0-win32-x64\jre\21.0.10-win32-x86_64\bin\msvcp140.dll
0x00007ffe24f40000 - 0x00007ffe25ce1000 	c:\Users\ABC\.vscode\extensions\redhat.java-1.54.0-win32-x64\jre\21.0.10-win32-x86_64\bin\server\jvm.dll
0x00007ffee9fa0000 - 0x00007ffeea056000 	C:\WINDOWS\System32\ADVAPI32.dll
0x00007ffee8df0000 - 0x00007ffee8e97000 	C:\WINDOWS\System32\sechost.dll
0x00007ffeea240000 - 0x00007ffeea358000 	C:\WINDOWS\System32\RPCRT4.dll
0x00007ffeeaf90000 - 0x00007ffeeb010000 	C:\WINDOWS\System32\WS2_32.dll
0x00007ffee77b0000 - 0x00007ffee780e000 	C:\WINDOWS\SYSTEM32\POWRPROF.dll
0x00007ffedb9a0000 - 0x00007ffedb9d6000 	C:\WINDOWS\SYSTEM32\WINMM.dll
0x00007ffed5f40000 - 0x00007ffed5f4b000 	C:\WINDOWS\SYSTEM32\VERSION.dll
0x00007ffee7790000 - 0x00007ffee77a4000 	C:\WINDOWS\SYSTEM32\UMPDC.dll
0x00007ffee66c0000 - 0x00007ffee66db000 	C:\WINDOWS\SYSTEM32\kernel.appcore.dll
0x00007ffede5e0000 - 0x00007ffede5ea000 	c:\Users\ABC\.vscode\extensions\redhat.java-1.54.0-win32-x64\jre\21.0.10-win32-x86_64\bin\jimage.dll
0x00007ffee58a0000 - 0x00007ffee5ae2000 	C:\WINDOWS\SYSTEM32\DBGHELP.DLL
0x00007ffeea360000 - 0x00007ffeea6e2000 	C:\WINDOWS\System32\combase.dll
0x00007ffee9cc0000 - 0x00007ffee9d98000 	C:\WINDOWS\System32\OLEAUT32.dll
0x00007ffeca8b0000 - 0x00007ffeca8eb000 	C:\WINDOWS\SYSTEM32\dbgcore.DLL
0x00007ffee8d40000 - 0x00007ffee8de5000 	C:\WINDOWS\System32\bcryptPrimitives.dll
0x00007ffede5d0000 - 0x00007ffede5df000 	c:\Users\ABC\.vscode\extensions\redhat.java-1.54.0-win32-x64\jre\21.0.10-win32-x86_64\bin\instrument.dll
0x00007ffeddf90000 - 0x00007ffeddfb0000 	c:\Users\ABC\.vscode\extensions\redhat.java-1.54.0-win32-x64\jre\21.0.10-win32-x86_64\bin\java.dll
0x00007ffee9380000 - 0x00007ffee9ae7000 	C:\WINDOWS\System32\SHELL32.dll
0x00007ffee79f0000 - 0x00007ffee7b5a000 	C:\WINDOWS\System32\wintypes.dll
0x00007ffee84d0000 - 0x00007ffee8d38000 	C:\WINDOWS\System32\windows.storage.dll
0x00007ffee9da0000 - 0x00007ffee9e98000 	C:\WINDOWS\System32\SHCORE.dll
0x00007ffee9010000 - 0x00007ffee9076000 	C:\WINDOWS\System32\shlwapi.dll
0x00007ffee7850000 - 0x00007ffee7879000 	C:\WINDOWS\SYSTEM32\profapi.dll
0x00007ffeddf70000 - 0x00007ffeddf88000 	c:\Users\ABC\.vscode\extensions\redhat.java-1.54.0-win32-x64\jre\21.0.10-win32-x86_64\bin\zip.dll
0x00007ffede5c0000 - 0x00007ffede5d0000 	C:\Users\ABC\.vscode\extensions\redhat.java-1.54.0-win32-x64\jre\21.0.10-win32-x86_64\bin\net.dll
0x00007ffedf0e0000 - 0x00007ffedf20d000 	C:\WINDOWS\SYSTEM32\WINHTTP.dll
0x00007ffee6c30000 - 0x00007ffee6c9c000 	C:\WINDOWS\system32\mswsock.dll
0x00007ffeddf50000 - 0x00007ffeddf66000 	C:\Users\ABC\.vscode\extensions\redhat.java-1.54.0-win32-x64\jre\21.0.10-win32-x86_64\bin\nio.dll
0x00007ffeddef0000 - 0x00007ffeddf00000 	c:\Users\ABC\.vscode\extensions\redhat.java-1.54.0-win32-x64\jre\21.0.10-win32-x86_64\bin\verify.dll
0x00007ffe7d310000 - 0x00007ffe7d355000 	C:\Users\ABC\AppData\Roaming\Code\User\globalStorage\redhat.java\1.54.0\config_win\org.eclipse.equinox.launcher\org.eclipse.equinox.launcher.win32.win32.x86_64_1.3.0.v20260203-2149\eclipse_11919.dll
0x00007ffeea6f0000 - 0x00007ffeea887000 	C:\WINDOWS\System32\ole32.dll
0x00007ffee6f10000 - 0x00007ffee6f2b000 	C:\WINDOWS\SYSTEM32\CRYPTSP.dll
0x00007ffee6620000 - 0x00007ffee6659000 	C:\WINDOWS\system32\rsaenh.dll
0x00007ffee6ce0000 - 0x00007ffee6d13000 	C:\WINDOWS\SYSTEM32\USERENV.dll
0x00007ffee7820000 - 0x00007ffee784a000 	C:\WINDOWS\SYSTEM32\bcrypt.dll
0x00007ffee6f30000 - 0x00007ffee6f3c000 	C:\WINDOWS\SYSTEM32\CRYPTBASE.dll
0x00007ffee60c0000 - 0x00007ffee60f2000 	C:\WINDOWS\SYSTEM32\IPHLPAPI.DLL
0x00007ffee9b30000 - 0x00007ffee9b3a000 	C:\WINDOWS\System32\NSI.dll
0x00007ffeb3bf0000 - 0x00007ffeb3c39000 	C:\Users\ABC\AppData\Local\Temp\jna-64578\jna12071236951597949977.dll
0x00007ffee9080000 - 0x00007ffee9088000 	C:\WINDOWS\System32\PSAPI.DLL
0x00007ffedff30000 - 0x00007ffedff4d000 	C:\WINDOWS\SYSTEM32\dhcpcsvc6.DLL
0x00007ffedff00000 - 0x00007ffedff25000 	C:\WINDOWS\SYSTEM32\dhcpcsvc.DLL

JVMTI agents:
c:\Users\ABC\.vscode\extensions\redhat.java-1.54.0-win32-x64\lombok\lombok-1.18.39-4050.jar path:c:\Users\ABC\.vscode\extensions\redhat.java-1.54.0-win32-x64\jre\21.0.10-win32-x86_64\bin\instrument.dll, loaded, initialized, instrumentlib options:none

dbghelp: loaded successfully - version: 4.0.5 - missing functions: none
symbol engine: initialized successfully - sym options: 0x614 - pdb path: .;c:\Users\ABC\.vscode\extensions\redhat.java-1.54.0-win32-x64\jre\21.0.10-win32-x86_64\bin;C:\WINDOWS\SYSTEM32;C:\WINDOWS\WinSxS\amd64_microsoft.windows.common-controls_6595b64144ccf1df_6.0.26100.8115_none_3e075c82e3354f9c;c:\Users\ABC\.vscode\extensions\redhat.java-1.54.0-win32-x64\jre\21.0.10-win32-x86_64\bin\server;C:\Users\ABC\AppData\Roaming\Code\User\globalStorage\redhat.java\1.54.0\config_win\org.eclipse.equinox.launcher\org.eclipse.equinox.launcher.win32.win32.x86_64_1.3.0.v20260203-2149;C:\Users\ABC\AppData\Local\Temp\jna-64578

VM Arguments:
jvm_args: --add-modules=ALL-SYSTEM --add-opens=java.base/java.util=ALL-UNNAMED --add-opens=java.base/java.lang=ALL-UNNAMED --add-opens=java.base/sun.nio.fs=ALL-UNNAMED -Declipse.application=org.eclipse.jdt.ls.core.id1 -Dosgi.bundles.defaultStartLevel=4 -Declipse.product=org.eclipse.jdt.ls.core.product -Djava.import.generatesMetadataFilesAtProjectRoot=false -DDetectVMInstallationsJob.disabled=true -Dfile.encoding=utf8 -Xlog:disable -Xbootclasspath/a:${userHome}/.m2/repository/org/projectlombok/lombok/1.18.30/lombok-1.18.30.jar -javaagent:c:\Users\ABC\.vscode\extensions\redhat.java-1.54.0-win32-x64\lombok\lombok-1.18.39-4050.jar -XX:+HeapDumpOnOutOfMemoryError -XX:HeapDumpPath=c:\Users\ABC\AppData\Roaming\Code\User\workspaceStorage\7ee84c52359e010fbff73d2c412e3fdd\redhat.java -Daether.dependencyCollector.impl=bf 
java_command: c:\Users\ABC\.vscode\extensions\redhat.java-1.54.0-win32-x64\server\plugins\org.eclipse.equinox.launcher_1.7.100.v20251111-0406.jar -configuration c:\Users\ABC\AppData\Roaming\Code\User\globalStorage\redhat.java\1.54.0\config_win -data c:\Users\ABC\AppData\Roaming\Code\User\workspaceStorage\7ee84c52359e010fbff73d2c412e3fdd\redhat.java\jdt_ws --pipe=\\.\pipe\lsp-4a118fad5c325b8263e789ea3cc1aacf-sock
java_class_path (initial): c:\Users\ABC\.vscode\extensions\redhat.java-1.54.0-win32-x64\server\plugins\org.eclipse.equinox.launcher_1.7.100.v20251111-0406.jar
Launcher Type: SUN_STANDARD

[Global flags]
     intx CICompilerCount                          = 4                                         {product} {ergonomic}
     uint ConcGCThreads                            = 2                                         {product} {ergonomic}
     uint G1ConcRefinementThreads                  = 8                                         {product} {ergonomic}
   size_t G1HeapRegionSize                         = 1048576                                   {product} {ergonomic}
    uintx GCDrainStackTargetSize                   = 64                                        {product} {ergonomic}
     bool HeapDumpOnOutOfMemoryError               = true                                   {manageable} {command line}
    ccstr HeapDumpPath                             = c:\Users\ABC\AppData\Roaming\Code\User\workspaceStorage\7ee84c52359e010fbff73d2c412e3fdd\redhat.java         {manageable} {command line}
   size_t InitialHeapSize                          = 130023424                                 {product} {ergonomic}
   size_t MarkStackSize                            = 4194304                                   {product} {ergonomic}
   size_t MaxHeapSize                              = 2080374784                                {product} {ergonomic}
   size_t MaxNewSize                               = 1247805440                                {product} {ergonomic}
   size_t MinHeapDeltaBytes                        = 1048576                                   {product} {ergonomic}
   size_t MinHeapSize                              = 8388608                                   {product} {ergonomic}
    uintx NonNMethodCodeHeapSize                   = 5839372                                {pd product} {ergonomic}
    uintx NonProfiledCodeHeapSize                  = 122909434                              {pd product} {ergonomic}
    uintx ProfiledCodeHeapSize                     = 122909434                              {pd product} {ergonomic}
    uintx ReservedCodeCacheSize                    = 251658240                              {pd product} {ergonomic}
     bool SegmentedCodeCache                       = true                                      {product} {ergonomic}
   size_t SoftMaxHeapSize                          = 2080374784                             {manageable} {ergonomic}
     bool UseCompressedOops                        = true                           {product lp64_product} {ergonomic}
     bool UseG1GC                                  = true                                      {product} {ergonomic}
     bool UseLargePagesIndividualAllocation        = false                                  {pd product} {ergonomic}

Logging:
Log output configuration:
 #0: stdout all=off uptime,level,tags foldmultilines=false
 #1: stderr all=off uptime,level,tags foldmultilines=false

Release file:
JAVA_VERSION="21.0.10" 
MODULES="java.base java.compiler java.datatransfer java.xml java.prefs java.desktop java.instrument java.logging java.management java.security.sasl java.naming java.rmi java.management.rmi java.net.http java.scripting java.security.jgss java.transaction.xa java.sql java.sql.rowset java.xml.crypto java.se java.smartcardio jdk.accessibility jdk.internal.jvmstat jdk.attach jdk.charsets jdk.internal.opt jdk.zipfs jdk.compiler jdk.crypto.ec jdk.crypto.cryptoki jdk.crypto.mscapi jdk.dynalink jdk.internal.ed jdk.editpad jdk.hotspot.agent jdk.httpserver jdk.internal.le jdk.internal.vm.ci jdk.internal.vm.compiler jdk.internal.vm.compiler.management jdk.jartool jdk.javadoc jdk.jcmd jdk.management jdk.management.agent jdk.jconsole jdk.jdeps jdk.jdwp.agent jdk.jdi jdk.jfr jdk.jshell jdk.jsobject jdk.jstatd jdk.localedata jdk.management.jfr jdk.naming.dns jdk.naming.rmi jdk.net jdk.nio.mapmode jdk.random jdk.sctp jdk.security.auth jdk.security.jgss jdk.unsupported jdk.unsupported.desktop jdk.xml.dom" 

Environment Variables:
PATH=C:\Program Files\Common Files\Oracle\Java\javapath;C:\Program Files (x86)\Common Files\Oracle\Java\java8path;C:\Program Files (x86)\Common Files\Oracle\Java\javapath;C:\WINDOWS\system32;C:\WINDOWS;C:\WINDOWS\System32\Wbem;C:\WINDOWS\System32\WindowsPowerShell\v1.0\;C:\WINDOWS\System32\OpenSSH\;C:\Users\ABC\Downloads\apache-maven-3.9.9-bin\apache-maven-3.9.9\bin;D:\node;D:\github\Git\cmd;C:\Users\ABC\AppData\Local\Programs\Python\Python313\Scripts\;C:\Users\ABC\AppData\Local\Programs\Python\Python313\;C:\Users\ABC\scoop\shims;C:\Users\ABC\AppData\Local\Microsoft\WindowsApps;C:\msys64\ucrt64\bin;C:\msys64\mingw64\bin;D:\intelij\IntelliJ IDEA 2024.2.1\bin;;C:\Program Files\JetBrains\IntelliJ IDEA Community Edition 2024.2.1\bin;;D:\Microsoft VS Code\bin;D:\vscode\chromedriver-win64;C:\Users\ABC\Downloads\apache-maven-3.9.9-bin\apache-maven-3.9.9\bin;D:\node;
USERNAME=ABC
OS=Windows_NT
PROCESSOR_IDENTIFIER=Intel64 Family 6 Model 140 Stepping 1, GenuineIntel
TMP=C:\Users\ABC\AppData\Local\Temp
TEMP=C:\Users\ABC\AppData\Local\Temp




Periodic native trim disabled

---------------  S Y S T E M  ---------------

OS:
 Windows 11 , 64 bit Build 26100 (10.0.26100.8246)
OS uptime: 15 days 22:26 hours

CPU: total 8 (initial active 8) (4 cores per cpu, 2 threads per core) family 6 model 140 stepping 1 microcode 0xa4, cx8, cmov, fxsr, ht, mmx, 3dnowpref, sse, sse2, sse3, ssse3, sse4.1, sse4.2, popcnt, lzcnt, tsc, tscinvbit, avx, avx2, aes, erms, clmul, bmi1, bmi2, adx, avx512f, avx512dq, avx512cd, avx512bw, avx512vl, sha, fma, vzeroupper, avx512_vpopcntdq, avx512_vpclmulqdq, avx512_vaes, avx512_vnni, clflush, clflushopt, clwb, avx512_vbmi2, avx512_vbmi, rdtscp, rdpid, fsrm, gfni, avx512_bitalg, f16c, pku, cet_ibt, cet_ss, avx512_ifma
Processor Information for the first 8 processors :
  Max Mhz: 2611, Current Mhz: 2611, Mhz Limit: 2611

Memory: 4k page, system-wide physical 7934M (708M free)
TotalPageFile size 16295M (AvailPageFile size 4M)
current process WorkingSet (physical memory assigned to process): 263M, peak: 264M
current process commit charge ("private bytes"): 293M, peak: 295M

vm_info: OpenJDK 64-Bit Server VM (21.0.10+7-LTS) for windows-amd64 JRE (21.0.10+7-LTS), built on 2026-01-20T00:00:00Z by "admin" with MS VC++ 17.12 (VS2022)

END.
